[debug] [2019-03-03T23:44:44.982Z] ----------------------------------------------------------------------
[debug] [2019-03-03T23:44:44.983Z] Command:       /usr/local/bin/node /usr/local/bin/firebase deploy
[debug] [2019-03-03T23:44:44.984Z] CLI Version:   6.2.2
[debug] [2019-03-03T23:44:44.984Z] Platform:      darwin
[debug] [2019-03-03T23:44:44.984Z] Node Version:  v10.15.0
[debug] [2019-03-03T23:44:44.984Z] Time:          Mon Mar 04 2019 00:44:44 GMT+0100 (GMT+01:00)
[debug] [2019-03-03T23:44:44.984Z] ----------------------------------------------------------------------
[debug] 
[debug] [2019-03-03T23:44:44.992Z] > command requires scopes: ["email","openid","https://www.googleapis.com/auth/cloudplatformprojects.readonly","https://www.googleapis.com/auth/firebase","https://www.googleapis.com/auth/cloud-platform"]
[debug] [2019-03-03T23:44:44.992Z] > authorizing via signed-in user
[debug] [2019-03-03T23:44:44.992Z] [iam] checking project steuerberater-ingo-kneisel for permissions ["firebase.projects.get","firebasehosting.sites.update"]
[debug] [2019-03-03T23:44:44.993Z] >>> HTTP REQUEST POST https://cloudresourcemanager.googleapis.com/v1/projects/steuerberater-ingo-kneisel:testIamPermissions  

[debug] [2019-03-03T23:44:45.287Z] <<< HTTP RESPONSE 200
[debug] [2019-03-03T23:44:45.288Z] >>> HTTP REQUEST GET https://firebase.googleapis.com/v1beta1/projects/steuerberater-ingo-kneisel  
 
[debug] [2019-03-03T23:44:45.544Z] <<< HTTP RESPONSE 200
[info] 
[info] === Deploying to 'steuerberater-ingo-kneisel'...
[info] 
[info] i  deploying hosting
[debug] [2019-03-03T23:44:45.549Z] >>> HTTP REQUEST POST https://firebasehosting.googleapis.com/v1beta1/sites/steuerberater-ingo-kneisel/versions  

